<?xml version="1.0" encoding="UTF-8"?>
<!-- Generated by org.testng.reporters.JUnitXMLReporter -->
<testsuite hostname="DESKTOP-7S3C425" ignored="0" name="BeforeAfterClass" tests="6" failures="0" timestamp="2022-05-16T16:57:12 IST" time="0.169" errors="0">
  <testcase name="createAccount" time="0.015" classname="org.testNGEx2.AccountManager1"/>
  <testcase name="deleteAccount" time="0.005" classname="org.testNGEx2.AccountManager1"/>
  <testcase name="updateAccount" time="0.004" classname="org.testNGEx2.AccountManager1"/>
  <testcase name="createCustomer" time="0.007" classname="org.testNGEx2.CustomerManager1"/>
  <testcase name="deleteCustomer" time="0.005" classname="org.testNGEx2.CustomerManager1"/>
  <testcase name="updateCustomer" time="0.012" classname="org.testNGEx2.CustomerManager1"/>
</testsuite> <!-- BeforeAfterClass -->
