<?xml version="1.0" encoding="UTF-8"?>
<!-- Generated by org.testng.reporters.JUnitXMLReporter -->
<testsuite hostname="DESKTOP-7S3C425" ignored="0" name="DevEnvironmnet" tests="3" failures="0" timestamp="2022-05-16T17:06:52 IST" time="0.131" errors="0">
  <testcase name="createCustomer" time="0.011" classname="org.testNGEx2.CustomerManager2"/>
  <testcase name="deleteCustomer" time="0.003" classname="org.testNGEx2.CustomerManager2"/>
  <testcase name="updateCustomer" time="0.003" classname="org.testNGEx2.CustomerManager2"/>
</testsuite> <!-- DevEnvironmnet -->
