<?xml version="1.0" encoding="UTF-8"?>
<!-- Generated by org.testng.reporters.JUnitXMLReporter -->
<testsuite hostname="DESKTOP-7S3C425" ignored="0" name="regression" tests="3" failures="0" timestamp="2022-05-17T15:07:24 IST" time="0.18" errors="0">
  <testcase name="createAccount" time="0.03" classname="org.testNGEx2.AccPara"/>
  <testcase name="deleteAccount" time="0.005" classname="org.testNGEx2.AccPara"/>
  <testcase name="updateAccount" time="0.008" classname="org.testNGEx2.AccPara"/>
</testsuite> <!-- regression -->
