<?xml version="1.0" encoding="UTF-8"?>
<!-- Generated by org.testng.reporters.JUnitXMLReporter -->
<testsuite hostname="DESKTOP-7S3C425" ignored="0" name="smoke" tests="3" failures="0" timestamp="2022-05-17T15:07:24 IST" time="0.19" errors="0">
  <testcase name="createCustomer" time="0.03" classname="org.testNGEx2.CustPara"/>
  <testcase name="deleteCustomer" time="0.007" classname="org.testNGEx2.CustPara"/>
  <testcase name="updateCustomer" time="0.006" classname="org.testNGEx2.CustPara"/>
</testsuite> <!-- smoke -->
