<?xml version="1.0" encoding="UTF-8"?>
<testng-results skipped="0" failed="0" ignored="0" total="1" passed="1">
  <reporter-output>
  </reporter-output>
  <suite name="Suite" duration-ms="74032" started-at="2022-06-25T20:37:46 IST" finished-at="2022-06-25T20:39:00 IST">
    <groups>
    </groups>
    <test name="Test" duration-ms="74032" started-at="2022-06-25T20:37:46 IST" finished-at="2022-06-25T20:39:00 IST">
      <class name="org.testNGEx3.ParametersEx2">
        <test-method status="PASS" signature="loginMethod(java.lang.String,java.lang.String,java.lang.String)[pri:0, instance:org.testNGEx3.ParametersEx2@42eca56e]" name="loginMethod" duration-ms="73460" started-at="2022-06-25T20:37:47 IST" finished-at="2022-06-25T20:39:00 IST">
          <params>
            <param index="0">
              <value>
                <![CDATA[ch]]>
              </value>
            </param>
            <param index="1">
              <value>
                <![CDATA[admin]]>
              </value>
            </param>
            <param index="2">
              <value>
                <![CDATA[manager]]>
              </value>
            </param>
          </params>
          <reporter-output>
          </reporter-output>
        </test-method> <!-- loginMethod -->
      </class> <!-- org.testNGEx3.ParametersEx2 -->
    </test> <!-- Test -->
  </suite> <!-- Suite -->
</testng-results>
